<?xml version="1.0" encoding="UTF-8"?>
<!-- Generated by org.testng.reporters.JUnitXMLReporter -->
<testsuite ignored="2" hostname="LAPTOP-GSN87J73" failures="0" tests="7" name="Surefire test" time="0.685" errors="0" timestamp="2022-12-24T20:36:48 IST">
  <testcase classname="Automation.OrangeHRM.LoginTest" name="@BeforeTest initialize" time="0.166">
    <failure type="java.io.FileNotFoundException" message="C:\Users\Admin\Java-Selenium\OrangeHRM\src\main\java\resources\data.properties (The system cannot find the path specified)">
      <![CDATA[java.io.FileNotFoundException: C:\Users\Admin\Java-Selenium\OrangeHRM\src\main\java\resources\data.properties (The system cannot find the path specified)
at java.base/java.io.FileInputStream.open0(Native Method)
at java.base/java.io.FileInputStream.open(FileInputStream.java:216)
at java.base/java.io.FileInputStream.<init>(FileInputStream.java:157)
at java.base/java.io.FileInputStream.<init>(FileInputStream.java:111)
at resources.base.initializeDriver(base.java:23)
at Automation.OrangeHRM.LoginTest.initialize(LoginTest.java:33)
... Removed 27 stack frames]]>
    </failure>
  </testcase> <!-- @BeforeTest initialize -->
  <testcase classname="Automation.OrangeHRM.PimTest" name="@BeforeTest initialize" time="0.0">
    <skipped/>
  </testcase> <!-- @BeforeTest initialize -->
  <testcase classname="Automation.OrangeHRM.LoginTest" name="@AfterTest teardown" time="0.0">
    <skipped/>
  </testcase> <!-- @AfterTest teardown -->
  <testcase classname="Automation.OrangeHRM.LoginTest" name="emptyPassword" time="0.0">
    <skipped/>
  </testcase> <!-- emptyPassword -->
  <testcase classname="Automation.OrangeHRM.LoginTest" name="emptyUsername" time="0.0">
    <skipped/>
  </testcase> <!-- emptyUsername -->
  <testcase classname="Automation.OrangeHRM.LoginTest" name="validUsernameWithInValidPassword" time="0.0">
    <skipped/>
  </testcase> <!-- validUsernameWithInValidPassword -->
  <testcase classname="Automation.OrangeHRM.LoginTest" name="invalidUsernameWithInValidPassword" time="0.0">
    <skipped/>
  </testcase> <!-- invalidUsernameWithInValidPassword -->
  <testcase classname="Automation.OrangeHRM.LoginTest" name="invalidUsernameWithValidPassword" time="0.0">
    <skipped/>
  </testcase> <!-- invalidUsernameWithValidPassword -->
  <testcase classname="Automation.OrangeHRM.LoginTest" name="loginToTheSystemWithValidCredentials" time="0.0">
    <skipped/>
  </testcase> <!-- loginToTheSystemWithValidCredentials -->
  <testcase classname="Automation.OrangeHRM.PimTest" name="SrchEmployeeByNameIdStatus" time="0.0">
    <skipped/>
  </testcase> <!-- SrchEmployeeByNameIdStatus -->
  <testcase classname="Automation.OrangeHRM.PimTest" name="SearchEmployeeByNameAndId" time="0.0">
    <ignored/>
  </testcase> <!-- SearchEmployeeByNameAndId -->
  <testcase classname="Automation.OrangeHRM.PimTest" name="SearchEmployeeByName" time="0.0">
    <ignored/>
  </testcase> <!-- SearchEmployeeByName -->
</testsuite> <!-- Surefire test -->
