-------------------------------------------------------------------------------
Test set: TestSuite
-------------------------------------------------------------------------------
Tests run: 10, Failures: 1, Errors: 0, Skipped: 9, Time elapsed: 13.035 s <<< FAILURE! - in TestSuite
initialize(Automation.OrangeHRM.LoginTest)  Time elapsed: 6.802 s  <<< FAILURE!
java.io.FileNotFoundException: C:\Users\Admin\Java-Selenium\OrangeHRM\src\main\java\resources\data.properties (The system cannot find the path specified)
	at Automation.OrangeHRM.LoginTest.initialize(LoginTest.java:33)

