<?xml version="1.0" encoding="UTF-8"?>
<!-- Generated by org.testng.reporters.JUnitReportReporter -->
<testsuite hostname="LAPTOP-GSN87J73" failures="0" tests="7" name="Automation.OrangeHRM.LoginTest" time="0.166" errors="1" timestamp="2022-12-24T20:36:52 IST" skipped="6">
  <testcase classname="Automation.OrangeHRM.LoginTest" name="initialize" time="0.166">
    <error message="C:\Users\Admin\Java-Selenium\OrangeHRM\src\main\java\resources\data.properties (The system cannot find the path specified)" type="java.io.FileNotFoundException">
      <![CDATA[java.io.FileNotFoundException: C:\Users\Admin\Java-Selenium\OrangeHRM\src\main\java\resources\data.properties (The system cannot find the path specified)
at java.base/java.io.FileInputStream.open0(Native Method)
at java.base/java.io.FileInputStream.open(FileInputStream.java:216)
at java.base/java.io.FileInputStream.<init>(FileInputStream.java:157)
at java.base/java.io.FileInputStream.<init>(FileInputStream.java:111)
at resources.base.initializeDriver(base.java:23)
at Automation.OrangeHRM.LoginTest.initialize(LoginTest.java:33)
at java.base/jdk.internal.reflect.DirectMethodHandleAccessor.invoke(DirectMethodHandleAccessor.java:104)
at java.base/java.lang.reflect.Method.invoke(Method.java:577)
at org.testng.internal.invokers.MethodInvocationHelper.invokeMethod(MethodInvocationHelper.java:139)
at org.testng.internal.invokers.MethodInvocationHelper.invokeMethodConsideringTimeout(MethodInvocationHelper.java:69)
at org.testng.internal.invokers.ConfigInvoker.invokeConfigurationMethod(ConfigInvoker.java:361)
at org.testng.internal.invokers.ConfigInvoker.invokeConfigurations(ConfigInvoker.java:296)
at org.testng.TestRunner.invokeTestConfigurations(TestRunner.java:643)
at org.testng.TestRunner.beforeRun(TestRunner.java:632)
at org.testng.TestRunner.run(TestRunner.java:594)
at org.testng.SuiteRunner.runTest(SuiteRunner.java:433)
at org.testng.SuiteRunner.runSequentially(SuiteRunner.java:427)
at org.testng.SuiteRunner.privateRun(SuiteRunner.java:387)
at org.testng.SuiteRunner.run(SuiteRunner.java:330)
at org.testng.SuiteRunnerWorker.runSuite(SuiteRunnerWorker.java:52)
at org.testng.SuiteRunnerWorker.run(SuiteRunnerWorker.java:95)
at org.testng.TestNG.runSuitesSequentially(TestNG.java:1256)
at org.testng.TestNG.runSuitesLocally(TestNG.java:1176)
at org.testng.TestNG.runSuites(TestNG.java:1099)
at org.testng.TestNG.run(TestNG.java:1067)
at org.apache.maven.surefire.testng.TestNGExecutor.run(TestNGExecutor.java:135)
at org.apache.maven.surefire.testng.TestNGDirectoryTestSuite.executeMulti(TestNGDirectoryTestSuite.java:193)
at org.apache.maven.surefire.testng.TestNGDirectoryTestSuite.execute(TestNGDirectoryTestSuite.java:94)
at org.apache.maven.surefire.testng.TestNGProvider.invoke(TestNGProvider.java:146)
at org.apache.maven.surefire.booter.ForkedBooter.invokeProviderInSameClassLoader(ForkedBooter.java:384)
at org.apache.maven.surefire.booter.ForkedBooter.runSuitesInProcess(ForkedBooter.java:345)
at org.apache.maven.surefire.booter.ForkedBooter.execute(ForkedBooter.java:126)
at org.apache.maven.surefire.booter.ForkedBooter.main(ForkedBooter.java:418)
]]>
    </error>
  </testcase> <!-- initialize -->
  <system-out/>
  <testcase classname="Automation.OrangeHRM.LoginTest" name="emptyPassword" time="0.000">
    <skipped/>
  </testcase> <!-- emptyPassword -->
  <system-out/>
  <testcase classname="Automation.OrangeHRM.LoginTest" name="emptyUsername" time="0.000">
    <skipped/>
  </testcase> <!-- emptyUsername -->
  <system-out/>
  <testcase classname="Automation.OrangeHRM.LoginTest" name="validUsernameWithInValidPassword" time="0.000">
    <skipped/>
  </testcase> <!-- validUsernameWithInValidPassword -->
  <system-out/>
  <testcase classname="Automation.OrangeHRM.LoginTest" name="invalidUsernameWithInValidPassword" time="0.000">
    <skipped/>
  </testcase> <!-- invalidUsernameWithInValidPassword -->
  <system-out/>
  <testcase classname="Automation.OrangeHRM.LoginTest" name="invalidUsernameWithValidPassword" time="0.000">
    <skipped/>
  </testcase> <!-- invalidUsernameWithValidPassword -->
  <system-out/>
  <testcase classname="Automation.OrangeHRM.LoginTest" name="loginToTheSystemWithValidCredentials" time="0.000">
    <skipped/>
  </testcase> <!-- loginToTheSystemWithValidCredentials -->
  <system-out/>
</testsuite> <!-- Automation.OrangeHRM.LoginTest -->
